Arguments: 
  C:\Program Files\nodejs\node.exe C:\Users\Damian\AppData\Roaming\npm\node_modules\yarn\bin\yarn.js

PATH: 
  C:\Users\Damian\bin;C:\Program Files\Git\mingw64\bin;C:\Program Files\Git\usr\local\bin;C:\Program Files\Git\usr\bin;C:\Program Files\Git\usr\bin;C:\Program Files\Git\mingw64\bin;C:\Program Files\Git\usr\bin;C:\Users\Damian\bin;C:\Windows\system32;C:\Windows;C:\Windows\System32\Wbem;C:\Windows\System32\WindowsPowerShell\v1.0;C:\Windows\System32\OpenSSH;C:\Program Files\nodejs;C:\Program Files\Git\cmd;C:\xampp\php;C:\ProgramData\ComposerSetup\bin;C:\Program Files\dotnet;C:\Program Files\Docker\Docker\resources\bin;C:\ProgramData\DockerDesktop\version-bin;C:\Program Files\Microsoft SQL Server\130\Tools\Binn;C:\Program Files\Microsoft SQL Server\Client SDK\ODBC\170\Tools\Binn;C:\Program Files (x86)\Microsoft SQL Server\150\DTS\Binn;C:\Program Files\Azure Data Studio\bin;C:\Program Files (x86)\Microsoft SQL Server\150\Tools\Binn;C:\Program Files\Microsoft SQL Server\150\Tools\Binn;C:\Program Files\Microsoft SQL Server\150\DTS\Binn;C:\Users\Damian\AppData\Local\Microsoft\WindowsApps;C:\Users\Damian\AppData\Roaming\npm;C:\Users\Damian\AppData\Roaming\Composer\vendor\bin;C:\Users\Damian\AppData\Local\Programs\Microsoft VS Code\bin;C:\Users\Damian\.dotnet\tools;C:\Program Files\Azure Data Studio\bin;C:\Program Files\Git\usr\bin\vendor_perl;C:\Program Files\Git\usr\bin\core_perl

Yarn version: 
  1.22.11

Node version: 
  14.17.5

Platform: 
  win32 x64

Trace: 
  SyntaxError: C:\dev\rm-be\package.json: Unexpected token } in JSON at position 395
      at JSON.parse (<anonymous>)
      at C:\Users\Damian\AppData\Roaming\npm\node_modules\yarn\lib\cli.js:1625:59
      at Generator.next (<anonymous>)
      at step (C:\Users\Damian\AppData\Roaming\npm\node_modules\yarn\lib\cli.js:310:30)
      at C:\Users\Damian\AppData\Roaming\npm\node_modules\yarn\lib\cli.js:321:13

npm manifest: 
  {
    "name": "rym-api",
    "version": "1.0.0",
    "description": "mean",
    "main": "index.js",
    "scripts": {
      "test": "echo \"Error: no test specified\" && exit 1",
      "dev": "nodemon ."
    },
    "author": "Damian Rossi",
    "license": "ISC",
    "devDependencies": {
      "nodemon": "^2.0.14"
    },
    "dependencies": {
      "dotenv": "^10.0.0",
      "express": "^4.17.1",
      "mongoose": "^6.0.12",
    }
  }

yarn manifest: 
  No manifest

Lockfile: 
  No lockfile
